c:\users\govasim-2\desktop\robeybranch\swas\debug\vc142.pdb
c:\users\govasim-2\desktop\robeybranch\swas\debug\vc142.idb
c:\users\govasim-2\desktop\robeybranch\swas\debug\warehouse.obj
c:\users\govasim-2\desktop\robeybranch\swas\debug\task.obj
c:\users\govasim-2\desktop\robeybranch\swas\debug\swas.obj
c:\users\govasim-2\desktop\robeybranch\swas\debug\step.obj
c:\users\govasim-2\desktop\robeybranch\swas\debug\sourcetask.obj
c:\users\govasim-2\desktop\robeybranch\swas\debug\sinktask.obj
c:\users\govasim-2\desktop\robeybranch\swas\debug\simobj.obj
c:\users\govasim-2\desktop\robeybranch\swas\debug\simexec.obj
c:\users\govasim-2\desktop\robeybranch\swas\debug\resource.obj
c:\users\govasim-2\desktop\robeybranch\swas\debug\repairjob.obj
c:\users\govasim-2\desktop\robeybranch\swas\debug\distribution.obj
c:\users\govasim-2\desktop\robeybranch\swas\debug\delaytask.obj
c:\users\govasim-2\desktop\robeybranch\swas\debug\calendarconverter.obj
c:\users\govasim-2\desktop\robeybranch\swas\debug\aircraft.obj
c:\users\govasim-2\desktop\robeybranch\swas\debug\inputinterface.obj
c:\users\govasim-2\desktop\robeybranch\swas\debug\swas.exe
c:\users\govasim-2\desktop\robeybranch\swas\debug\swas.ilk
c:\users\govasim-2\desktop\robeybranch\swas\debug\swas.pdb
c:\users\govasim-2\desktop\robeybranch\swas\debug\swas.tlog\cl.command.1.tlog
c:\users\govasim-2\desktop\robeybranch\swas\debug\swas.tlog\cl.read.1.tlog
c:\users\govasim-2\desktop\robeybranch\swas\debug\swas.tlog\cl.write.1.tlog
c:\users\govasim-2\desktop\robeybranch\swas\debug\swas.tlog\link.command.1.tlog
c:\users\govasim-2\desktop\robeybranch\swas\debug\swas.tlog\link.read.1.tlog
c:\users\govasim-2\desktop\robeybranch\swas\debug\swas.tlog\link.write.1.tlog
