g:\school\odu\2020\msim 488\swasclone\capstone_swas\swas\x64\debug\vc142.pdb
g:\school\odu\2020\msim 488\swasclone\capstone_swas\swas\x64\debug\vc142.idb
g:\school\odu\2020\msim 488\swasclone\capstone_swas\swas\x64\debug\warehouse.obj
g:\school\odu\2020\msim 488\swasclone\capstone_swas\swas\x64\debug\task.obj
g:\school\odu\2020\msim 488\swasclone\capstone_swas\swas\x64\debug\swas.obj
g:\school\odu\2020\msim 488\swasclone\capstone_swas\swas\x64\debug\step.obj
g:\school\odu\2020\msim 488\swasclone\capstone_swas\swas\x64\debug\sourcetask.obj
g:\school\odu\2020\msim 488\swasclone\capstone_swas\swas\x64\debug\sinktask.obj
g:\school\odu\2020\msim 488\swasclone\capstone_swas\swas\x64\debug\simobj.obj
g:\school\odu\2020\msim 488\swasclone\capstone_swas\swas\x64\debug\simexec.obj
g:\school\odu\2020\msim 488\swasclone\capstone_swas\swas\x64\debug\scribe.obj
g:\school\odu\2020\msim 488\swasclone\capstone_swas\swas\x64\debug\resource.obj
g:\school\odu\2020\msim 488\swasclone\capstone_swas\swas\x64\debug\repairjob.obj
g:\school\odu\2020\msim 488\swasclone\capstone_swas\swas\x64\debug\parts.obj
g:\school\odu\2020\msim 488\swasclone\capstone_swas\swas\x64\debug\inputinterface.obj
g:\school\odu\2020\msim 488\swasclone\capstone_swas\swas\x64\debug\distribution.obj
g:\school\odu\2020\msim 488\swasclone\capstone_swas\swas\x64\debug\delaytask.obj
g:\school\odu\2020\msim 488\swasclone\capstone_swas\swas\x64\debug\calendarconverter.obj
g:\school\odu\2020\msim 488\swasclone\capstone_swas\swas\x64\debug\aircraft.obj
g:\school\odu\2020\msim 488\swasclone\capstone_swas\swas\x64\debug\swas.pdb
g:\school\odu\2020\msim 488\swasclone\capstone_swas\swas\x64\debug\swas.tlog\cl.read.1.tlog
g:\school\odu\2020\msim 488\swasclone\capstone_swas\swas\x64\debug\swas.tlog\cl.write.1.tlog
g:\school\odu\2020\msim 488\swasclone\capstone_swas\swas\x64\debug\swas.tlog\cl.command.1.tlog
g:\school\odu\2020\msim 488\swasclone\capstone_swas\swas\x64\debug\swas.tlog\link-rc.read.1.tlog
g:\school\odu\2020\msim 488\swasclone\capstone_swas\swas\x64\debug\swas.tlog\link-rc.write.1.tlog
g:\school\odu\2020\msim 488\swasclone\capstone_swas\swas\x64\debug\swas.tlog\link-cvtres.read.1.tlog
g:\school\odu\2020\msim 488\swasclone\capstone_swas\swas\x64\debug\swas.tlog\link-cvtres.write.1.tlog
g:\school\odu\2020\msim 488\swasclone\capstone_swas\swas\x64\debug\swas.tlog\link.read.1.tlog
g:\school\odu\2020\msim 488\swasclone\capstone_swas\swas\x64\debug\swas.tlog\link.write.1.tlog
g:\school\odu\2020\msim 488\swasclone\capstone_swas\swas\x64\debug\swas.tlog\link.command.1.tlog
