  Aircraft.cpp
G:\School\ODU\2020\MSIM 488\SWASClone\Capstone_SWAS\SWAS\Aircraft.cpp(492,31): warning C4267: 'return': conversion from 'size_t' to 'int', possible loss of data
G:\School\ODU\2020\MSIM 488\SWASClone\Capstone_SWAS\SWAS\Aircraft.cpp(497,33): warning C4267: 'return': conversion from 'size_t' to 'int', possible loss of data
G:\School\ODU\2020\MSIM 488\SWASClone\Capstone_SWAS\SWAS\Aircraft.cpp(502,29): warning C4267: 'return': conversion from 'size_t' to 'int', possible loss of data
G:\School\ODU\2020\MSIM 488\SWASClone\Capstone_SWAS\SWAS\Aircraft.cpp(507,35): warning C4267: 'return': conversion from 'size_t' to 'int', possible loss of data
  DelayTask.cpp
  InputInterface.cpp
G:\School\ODU\2020\MSIM 488\SWASClone\Capstone_SWAS\SWAS\InputInterface.cpp(512,9): warning C4101: 'numResources': unreferenced local variable
G:\School\ODU\2020\MSIM 488\SWASClone\Capstone_SWAS\SWAS\InputInterface.cpp(1147,26): warning C4267: 'return': conversion from 'size_t' to 'int', possible loss of data
  RepairJob.cpp
G:\School\ODU\2020\MSIM 488\SWASClone\Capstone_SWAS\SWAS\RepairJob.cpp(95,33): warning C4267: 'return': conversion from 'size_t' to 'int', possible loss of data
G:\School\ODU\2020\MSIM 488\SWASClone\Capstone_SWAS\SWAS\RepairJob.cpp(274,37): warning C4267: 'argument': conversion from 'size_t' to 'int', possible loss of data
  Resource.cpp
G:\School\ODU\2020\MSIM 488\SWASClone\Capstone_SWAS\SWAS\Resource.cpp(358,110): warning C4244: 'argument': conversion from 'Time' to 'float', possible loss of data
G:\School\ODU\2020\MSIM 488\SWASClone\Capstone_SWAS\SWAS\Resource.cpp(371,112): warning C4244: 'argument': conversion from 'Time' to 'float', possible loss of data
  SWAS.cpp
G:\School\ODU\2020\MSIM 488\SWASClone\Capstone_SWAS\SWAS\Warehouse.h(24,25): warning C4200: nonstandard extension used: zero-sized array in struct/union
G:\School\ODU\2020\MSIM 488\SWASClone\Capstone_SWAS\SWAS\Warehouse.h(24,25): message : This member will be ignored by a defaulted constructor or copy/move assignment operator
G:\School\ODU\2020\MSIM 488\SWASClone\Capstone_SWAS\SWAS\SWAS.cpp(26,21): warning C4244: 'argument': conversion from 'double' to 'float', possible loss of data
G:\School\ODU\2020\MSIM 488\SWASClone\Capstone_SWAS\SWAS\SWAS.cpp(52,129): warning C4267: 'argument': conversion from 'size_t' to 'int', possible loss of data
  Scribe.cpp
G:\School\ODU\2020\MSIM 488\SWASClone\Capstone_SWAS\SWAS\Scribe.cpp(145,42): warning C4244: '=': conversion from 'Time' to 'float', possible loss of data
G:\School\ODU\2020\MSIM 488\SWASClone\Capstone_SWAS\SWAS\Scribe.cpp(748,53): warning C4244: '-=': conversion from 'double' to 'int', possible loss of data
G:\School\ODU\2020\MSIM 488\SWASClone\Capstone_SWAS\SWAS\Scribe.cpp(749,76): warning C4244: '=': conversion from 'Time' to 'float', possible loss of data
G:\School\ODU\2020\MSIM 488\SWASClone\Capstone_SWAS\SWAS\Scribe.cpp(822,71): warning C4244: '=': conversion from 'Time' to 'float', possible loss of data
G:\School\ODU\2020\MSIM 488\SWASClone\Capstone_SWAS\SWAS\Scribe.cpp(929,56): warning C4244: '=': conversion from 'long double' to 'float', possible loss of data
G:\School\ODU\2020\MSIM 488\SWASClone\Capstone_SWAS\SWAS\Scribe.cpp(1021,54): warning C4244: '=': conversion from 'long double' to 'float', possible loss of data
G:\School\ODU\2020\MSIM 488\SWASClone\Capstone_SWAS\SWAS\Scribe.cpp(1118,55): warning C4244: '=': conversion from 'long double' to 'float', possible loss of data
G:\School\ODU\2020\MSIM 488\SWASClone\Capstone_SWAS\SWAS\Scribe.cpp(1896,37): warning C4244: '=': conversion from 'Time' to 'float', possible loss of data
  SimExec.cpp
G:\School\ODU\2020\MSIM 488\SWASClone\Capstone_SWAS\SWAS\SimExec.cpp(245,11): warning C4244: '=': conversion from 'Time' to 'int', possible loss of data
G:\School\ODU\2020\MSIM 488\SWASClone\Capstone_SWAS\SWAS\SimExec.cpp(246,11): warning C4244: '=': conversion from 'Time' to 'int', possible loss of data
G:\School\ODU\2020\MSIM 488\SWASClone\Capstone_SWAS\SWAS\SimExec.cpp(314,11): warning C4244: '=': conversion from 'Time' to 'int', possible loss of data
G:\School\ODU\2020\MSIM 488\SWASClone\Capstone_SWAS\SWAS\SimExec.cpp(315,11): warning C4244: '=': conversion from 'Time' to 'int', possible loss of data
G:\School\ODU\2020\MSIM 488\SWASClone\Capstone_SWAS\SWAS\SimExec.cpp(387,11): warning C4244: '=': conversion from 'Time' to 'int', possible loss of data
G:\School\ODU\2020\MSIM 488\SWASClone\Capstone_SWAS\SWAS\SimExec.cpp(388,11): warning C4244: '=': conversion from 'Time' to 'int', possible loss of data
G:\School\ODU\2020\MSIM 488\SWASClone\Capstone_SWAS\SWAS\SimExec.cpp(604,24): warning C4244: '=': conversion from 'Time' to 'int', possible loss of data
G:\School\ODU\2020\MSIM 488\SWASClone\Capstone_SWAS\SWAS\SimExec.cpp(605,24): warning C4244: '=': conversion from 'Time' to 'int', possible loss of data
G:\School\ODU\2020\MSIM 488\SWASClone\Capstone_SWAS\SWAS\SimExec.cpp(705,25): warning C4244: '=': conversion from 'Time' to 'int', possible loss of data
  SinkTask.cpp
  SourceTask.cpp
  Step.cpp
G:\School\ODU\2020\MSIM 488\SWASClone\Capstone_SWAS\SWAS\Step.cpp(158,119): warning C4244: 'argument': conversion from 'Time' to 'float', possible loss of data
G:\School\ODU\2020\MSIM 488\SWASClone\Capstone_SWAS\SWAS\Step.cpp(519,47): warning C4244: 'argument': conversion from 'double' to 'float', possible loss of data
G:\School\ODU\2020\MSIM 488\SWASClone\Capstone_SWAS\SWAS\Step.cpp(576,191): warning C4244: 'argument': conversion from 'Time' to 'float', possible loss of data
G:\School\ODU\2020\MSIM 488\SWASClone\Capstone_SWAS\SWAS\Step.cpp(577,119): warning C4244: 'argument': conversion from 'Time' to 'float', possible loss of data
G:\School\ODU\2020\MSIM 488\SWASClone\Capstone_SWAS\SWAS\Step.cpp(627,150): warning C4244: 'argument': conversion from 'Time' to 'float', possible loss of data
G:\School\ODU\2020\MSIM 488\SWASClone\Capstone_SWAS\SWAS\Step.cpp(636,149): warning C4244: 'argument': conversion from 'Time' to 'float', possible loss of data
G:\School\ODU\2020\MSIM 488\SWASClone\Capstone_SWAS\SWAS\Step.cpp(700,35): warning C4244: 'argument': conversion from 'Time' to 'float', possible loss of data
G:\School\ODU\2020\MSIM 488\SWASClone\Capstone_SWAS\SWAS\Step.cpp(743,48): warning C4267: 'argument': conversion from 'size_t' to 'int', possible loss of data
G:\School\ODU\2020\MSIM 488\SWASClone\Capstone_SWAS\SWAS\Step.cpp(791,45): warning C4267: 'argument': conversion from 'size_t' to 'int', possible loss of data
G:\School\ODU\2020\MSIM 488\SWASClone\Capstone_SWAS\SWAS\Step.cpp(826,94): warning C4244: 'argument': conversion from 'Time' to 'float', possible loss of data
G:\School\ODU\2020\MSIM 488\SWASClone\Capstone_SWAS\SWAS\Step.cpp(850,35): warning C4244: 'argument': conversion from 'Time' to 'float', possible loss of data
G:\School\ODU\2020\MSIM 488\SWASClone\Capstone_SWAS\SWAS\Step.cpp(897,48): warning C4267: 'argument': conversion from 'size_t' to 'int', possible loss of data
G:\School\ODU\2020\MSIM 488\SWASClone\Capstone_SWAS\SWAS\Step.cpp(952,89): warning C4244: 'argument': conversion from 'Time' to 'float', possible loss of data
G:\School\ODU\2020\MSIM 488\SWASClone\Capstone_SWAS\SWAS\Step.cpp(964,99): warning C4244: 'argument': conversion from 'Time' to 'float', possible loss of data
G:\School\ODU\2020\MSIM 488\SWASClone\Capstone_SWAS\SWAS\Step.cpp(979,113): warning C4244: 'argument': conversion from 'Time' to 'float', possible loss of data
G:\School\ODU\2020\MSIM 488\SWASClone\Capstone_SWAS\SWAS\Step.cpp(1031,68): warning C4244: 'argument': conversion from 'double' to 'int', possible loss of data
G:\School\ODU\2020\MSIM 488\SWASClone\Capstone_SWAS\SWAS\Step.cpp(1036,35): warning C4244: 'argument': conversion from 'Time' to 'float', possible loss of data
G:\School\ODU\2020\MSIM 488\SWASClone\Capstone_SWAS\SWAS\Step.cpp(1178,68): warning C4244: 'argument': conversion from 'double' to 'int', possible loss of data
G:\School\ODU\2020\MSIM 488\SWASClone\Capstone_SWAS\SWAS\Step.cpp(1183,35): warning C4244: 'argument': conversion from 'Time' to 'float', possible loss of data
G:\School\ODU\2020\MSIM 488\SWASClone\Capstone_SWAS\SWAS\Step.cpp(1277,99): warning C4244: 'argument': conversion from 'Time' to 'float', possible loss of data
G:\School\ODU\2020\MSIM 488\SWASClone\Capstone_SWAS\SWAS\Step.cpp(1303,100): warning C4244: 'argument': conversion from 'Time' to 'float', possible loss of data
G:\School\ODU\2020\MSIM 488\SWASClone\Capstone_SWAS\SWAS\Step.cpp(1515,99): warning C4244: 'argument': conversion from 'Time' to 'float', possible loss of data
G:\School\ODU\2020\MSIM 488\SWASClone\Capstone_SWAS\SWAS\Step.cpp(1597,99): warning C4244: 'argument': conversion from 'Time' to 'float', possible loss of data
G:\School\ODU\2020\MSIM 488\SWASClone\Capstone_SWAS\SWAS\Step.cpp(1702,98): warning C4244: 'argument': conversion from 'Time' to 'float', possible loss of data
G:\School\ODU\2020\MSIM 488\SWASClone\Capstone_SWAS\SWAS\Step.cpp(1731,105): warning C4244: 'argument': conversion from 'Time' to 'float', possible loss of data
G:\School\ODU\2020\MSIM 488\SWASClone\Capstone_SWAS\SWAS\Step.cpp(1756,46): warning C4244: '=': conversion from 'double' to 'int', possible loss of data
G:\School\ODU\2020\MSIM 488\SWASClone\Capstone_SWAS\SWAS\Step.cpp(1778,108): warning C4244: 'argument': conversion from 'Time' to 'float', possible loss of data
G:\School\ODU\2020\MSIM 488\SWASClone\Capstone_SWAS\SWAS\Step.cpp(1794,46): warning C4244: '=': conversion from 'double' to 'int', possible loss of data
G:\School\ODU\2020\MSIM 488\SWASClone\Capstone_SWAS\SWAS\Step.cpp(1807,109): warning C4244: 'argument': conversion from 'Time' to 'float', possible loss of data
G:\School\ODU\2020\MSIM 488\SWASClone\Capstone_SWAS\SWAS\Step.cpp(2313,47): warning C4244: '=': conversion from 'double' to 'int', possible loss of data
G:\School\ODU\2020\MSIM 488\SWASClone\Capstone_SWAS\SWAS\Step.cpp(2322,104): warning C4244: 'argument': conversion from 'Time' to 'float', possible loss of data
G:\School\ODU\2020\MSIM 488\SWASClone\Capstone_SWAS\SWAS\Step.cpp(2332,47): warning C4244: '=': conversion from 'double' to 'int', possible loss of data
G:\School\ODU\2020\MSIM 488\SWASClone\Capstone_SWAS\SWAS\Step.cpp(2338,113): warning C4244: 'argument': conversion from 'Time' to 'float', possible loss of data
G:\School\ODU\2020\MSIM 488\SWASClone\Capstone_SWAS\SWAS\Step.cpp(2342,47): warning C4244: '=': conversion from 'double' to 'int', possible loss of data
G:\School\ODU\2020\MSIM 488\SWASClone\Capstone_SWAS\SWAS\Step.cpp(2348,113): warning C4244: 'argument': conversion from 'Time' to 'float', possible loss of data
G:\School\ODU\2020\MSIM 488\SWASClone\Capstone_SWAS\SWAS\Step.cpp(2364,47): warning C4244: '=': conversion from 'double' to 'int', possible loss of data
G:\School\ODU\2020\MSIM 488\SWASClone\Capstone_SWAS\SWAS\Step.cpp(2370,113): warning C4244: 'argument': conversion from 'Time' to 'float', possible loss of data
G:\School\ODU\2020\MSIM 488\SWASClone\Capstone_SWAS\SWAS\Step.cpp(2411,26): warning C4267: 'return': conversion from 'size_t' to 'int', possible loss of data
G:\School\ODU\2020\MSIM 488\SWASClone\Capstone_SWAS\SWAS\Step.cpp(2416,29): warning C4267: 'return': conversion from 'size_t' to 'int', possible loss of data
G:\School\ODU\2020\MSIM 488\SWASClone\Capstone_SWAS\SWAS\Step.cpp(2486,31): warning C4267: 'return': conversion from 'size_t' to 'int', possible loss of data
G:\School\ODU\2020\MSIM 488\SWASClone\Capstone_SWAS\SWAS\Step.cpp(2491,28): warning C4267: 'return': conversion from 'size_t' to 'int', possible loss of data
  Task.cpp
  Warehouse.cpp
G:\School\ODU\2020\MSIM 488\SWASClone\Capstone_SWAS\SWAS\Warehouse.h(24,25): warning C4200: nonstandard extension used: zero-sized array in struct/union
G:\School\ODU\2020\MSIM 488\SWASClone\Capstone_SWAS\SWAS\Warehouse.h(24,25): message : This member will be ignored by a defaulted constructor or copy/move assignment operator
  Generating Code...
G:\School\ODU\2020\MSIM 488\SWASClone\Capstone_SWAS\SWAS\Step.cpp(1369): warning C4715: 'Step::AcquireBay': not all control paths return a value
G:\School\ODU\2020\MSIM 488\SWASClone\Capstone_SWAS\SWAS\Step.h(127): warning C4715: 'Step::ResourceInReqResource': not all control paths return a value
G:\School\ODU\2020\MSIM 488\SWASClone\Capstone_SWAS\SWAS\SimExec.cpp(915): warning C4715: 'SimExec::RunSimulation': not all control paths return a value
G:\School\ODU\2020\MSIM 488\SWASClone\Capstone_SWAS\SWAS\SimExec.cpp(968): warning C4715: 'SimExec::RunSimulation': not all control paths return a value
G:\School\ODU\2020\MSIM 488\SWASClone\Capstone_SWAS\SWAS\Resource.cpp(297): warning C4715: 'Resource::IsAfterCEL': not all control paths return a value
G:\School\ODU\2020\MSIM 488\SWASClone\Capstone_SWAS\SWAS\Aircraft.cpp(218): warning C4715: 'Aircraft::IsAfterCEL': not all control paths return a value
  SWAS.vcxproj -> G:\School\ODU\2020\MSIM 488\SWASClone\Capstone_SWAS\SWAS\x64\Debug\SWAS.exe
